<?xml version="1.0" encoding="UTF-8"?>
<testsuite name="br.com.projectpagarme.projectpagarme.facades.Impl.TransactionFacadeImplTest" tests="4" skipped="0" failures="0" errors="0" timestamp="2023-01-18T00:54:20" hostname="estudos" time="0.347">
  <properties/>
  <testcase name="createANewTransactionWithCreditCardSuccessfullyItShouldReturnOk" classname="br.com.projectpagarme.projectpagarme.facades.Impl.TransactionFacadeImplTest" time="0.315"/>
  <testcase name="createANewTransactionWithSuccessfullyItShouldReturnOk" classname="br.com.projectpagarme.projectpagarme.facades.Impl.TransactionFacadeImplTest" time="0.012"/>
  <testcase name="getBalanceShouldReturnOk" classname="br.com.projectpagarme.projectpagarme.facades.Impl.TransactionFacadeImplTest" time="0.009"/>
  <testcase name="getAllTransactionsItShouldReturnOk" classname="br.com.projectpagarme.projectpagarme.facades.Impl.TransactionFacadeImplTest" time="0.009"/>
  <system-out><![CDATA[]]></system-out>
  <system-err><![CDATA[]]></system-err>
</testsuite>
