<?xml version="1.0" encoding="UTF-8"?>
<testsuite name="br.com.projectpagarme.projectpagarme.services.Impl.PaymentServiceImplTest" tests="2" skipped="0" failures="0" errors="0" timestamp="2023-01-18T00:54:20" hostname="estudos" time="0.145">
  <properties/>
  <testcase name="createANewPaymentInCreditWithSuccessfullyItShouldReturnOk" classname="br.com.projectpagarme.projectpagarme.services.Impl.PaymentServiceImplTest" time="0.138"/>
  <testcase name="createANewPaymentWithSuccessfullyItShouldReturnOk" classname="br.com.projectpagarme.projectpagarme.services.Impl.PaymentServiceImplTest" time="0.006"/>
  <system-out><![CDATA[2023-01-17 21:54:21.001  INFO 209669 --- [    Test worker] b.c.p.p.s.Impl.PaymentServiceImpl        : creating a new payable CREDIT_CARD
2023-01-17 21:54:21.009  INFO 209669 --- [    Test worker] b.c.p.p.s.Impl.PaymentServiceImpl        : creating a new payable DEBIT_CARD
]]></system-out>
  <system-err><![CDATA[]]></system-err>
</testsuite>
