<?xml version="1.0" encoding="UTF-8"?>
<testsuite name="br.com.projectpagarme.projectpagarme.services.Impl.TransactionServiceImplTest" tests="3" skipped="0" failures="0" errors="0" timestamp="2023-01-18T00:54:21" hostname="estudos" time="0.137">
  <properties/>
  <testcase name="createANewTransactionWithCreditCardSuccessfullyItShouldReturnOk" classname="br.com.projectpagarme.projectpagarme.services.Impl.TransactionServiceImplTest" time="0.116"/>
  <testcase name="createANewTransactionWithSuccessfullyItShouldReturnOk" classname="br.com.projectpagarme.projectpagarme.services.Impl.TransactionServiceImplTest" time="0.011"/>
  <testcase name="getAllTransactionsItShouldReturnOk" classname="br.com.projectpagarme.projectpagarme.services.Impl.TransactionServiceImplTest" time="0.01"/>
  <system-out><![CDATA[2023-01-17 21:54:21.126  INFO 209669 --- [    Test worker] b.c.p.p.s.Impl.TransactionServiceImpl    : getting all transactions
2023-01-17 21:54:21.128  INFO 209669 --- [    Test worker] b.c.p.p.s.Impl.TransactionServiceImpl    : creating a new transaction
2023-01-17 21:54:21.129  INFO 209669 --- [    Test worker] b.c.p.p.s.Impl.TransactionServiceImpl    : creating a new transaction
2023-01-17 21:54:21.132  INFO 209669 --- [    Test worker] b.c.p.p.s.Impl.TransactionServiceImpl    : creating a new transaction
2023-01-17 21:54:21.137  INFO 209669 --- [    Test worker] b.c.p.p.s.Impl.TransactionServiceImpl    : getting all transactions
2023-01-17 21:54:21.139  INFO 209669 --- [    Test worker] b.c.p.p.s.Impl.TransactionServiceImpl    : creating a new transaction
2023-01-17 21:54:21.141  INFO 209669 --- [    Test worker] b.c.p.p.s.Impl.TransactionServiceImpl    : creating a new transaction
2023-01-17 21:54:21.143  INFO 209669 --- [    Test worker] b.c.p.p.s.Impl.TransactionServiceImpl    : creating a new transaction
2023-01-17 21:54:21.148  INFO 209669 --- [    Test worker] b.c.p.p.s.Impl.TransactionServiceImpl    : getting all transactions
2023-01-17 21:54:21.150  INFO 209669 --- [    Test worker] b.c.p.p.s.Impl.TransactionServiceImpl    : creating a new transaction
2023-01-17 21:54:21.151  INFO 209669 --- [    Test worker] b.c.p.p.s.Impl.TransactionServiceImpl    : creating a new transaction
2023-01-17 21:54:21.153  INFO 209669 --- [    Test worker] b.c.p.p.s.Impl.TransactionServiceImpl    : getting all transactions
]]></system-out>
  <system-err><![CDATA[]]></system-err>
</testsuite>
