<?xml version="1.0" encoding="UTF-8"?>
<testsuite name="br.com.projectpagarme.projectpagarme.controllers.TransactionControllerTest" tests="19" skipped="0" failures="0" errors="0" timestamp="2023-01-18T00:54:18" hostname="estudos" time="1.774">
  <properties/>
  <testcase name="tryingToGetTheTransactionsListItShouldToReturnOk" classname="br.com.projectpagarme.projectpagarme.controllers.TransactionControllerTest" time="0.31"/>
  <testcase name="tryingToCreateANewTransactionWithGreaterThanTheMaximumCharCardNumberItShouldToReturnBadRequest" classname="br.com.projectpagarme.projectpagarme.controllers.TransactionControllerTest" time="0.706"/>
  <testcase name="tryingToCreateANewTransactionWithGreaterThanTheMaximumCharCardOwnerItShouldToReturnBadRequest" classname="br.com.projectpagarme.projectpagarme.controllers.TransactionControllerTest" time="0.031"/>
  <testcase name="tryingToGetTheBalanceStatusFromTransactionsItShouldToReturnOk" classname="br.com.projectpagarme.projectpagarme.controllers.TransactionControllerTest" time="0.027"/>
  <testcase name="tryingToCreateANewTransactionWithDebitCardItShouldToReturnOk" classname="br.com.projectpagarme.projectpagarme.controllers.TransactionControllerTest" time="0.046"/>
  <testcase name="tryingToCreateANewTransactionWithTransactionDescriptionFieldBlankItShouldToReturnBadRequest" classname="br.com.projectpagarme.projectpagarme.controllers.TransactionControllerTest" time="0.031"/>
  <testcase name="tryingToCreateANewTransactionWithLessThanTheMinimumCharInTransactionDescriptionItShouldToReturnBadRequest" classname="br.com.projectpagarme.projectpagarme.controllers.TransactionControllerTest" time="0.027"/>
  <testcase name="tryingToCreateANewTransactionWithLessThanTheMinimumCharInCvvItShouldToReturnBadRequest" classname="br.com.projectpagarme.projectpagarme.controllers.TransactionControllerTest" time="0.033"/>
  <testcase name="tryingToCreateANewTransactionWithGreaterThanTheMaximumCharInValueItShouldToReturnBadRequest" classname="br.com.projectpagarme.projectpagarme.controllers.TransactionControllerTest" time="0.185"/>
  <testcase name="tryingToCreateANewTransactionWithTypePaymentFieldBlankItShouldToReturnBadRequest" classname="br.com.projectpagarme.projectpagarme.controllers.TransactionControllerTest" time="0.026"/>
  <testcase name="tryingToCreateANewTransactionWithLessThanTheMinimumCharInCardOwnerItShouldToReturnBadRequest" classname="br.com.projectpagarme.projectpagarme.controllers.TransactionControllerTest" time="0.029"/>
  <testcase name="tryingToCreateANewTransactionWithCardNumberFieldBlankItShouldToReturnBadRequest" classname="br.com.projectpagarme.projectpagarme.controllers.TransactionControllerTest" time="0.025"/>
  <testcase name="tryingToCreateANewTransactionWithLessThanTheMinimumCharInValueItShouldToReturnBadRequest" classname="br.com.projectpagarme.projectpagarme.controllers.TransactionControllerTest" time="0.037"/>
  <testcase name="tryingToCreateANewTransactionWithCreditCardItShouldToReturnOk" classname="br.com.projectpagarme.projectpagarme.controllers.TransactionControllerTest" time="0.028"/>
  <testcase name="tryingToCreateANewTransactionWithLessThanTheMinimumCharInCardNumberItShouldToReturnBadRequest" classname="br.com.projectpagarme.projectpagarme.controllers.TransactionControllerTest" time="0.035"/>
  <testcase name="tryingToCreateANewTransactionWithCardOwnerFieldBlankItShouldToReturnBadRequest" classname="br.com.projectpagarme.projectpagarme.controllers.TransactionControllerTest" time="0.032"/>
  <testcase name="tryingToCreateANewTransactionWithCvvFieldBlankItShouldToReturnBadRequest" classname="br.com.projectpagarme.projectpagarme.controllers.TransactionControllerTest" time="0.03"/>
  <testcase name="tryingToCreateANewTransactionWithGreaterThanTheMaximumCharTransactionDescriptionItShouldToReturnBadRequest" classname="br.com.projectpagarme.projectpagarme.controllers.TransactionControllerTest" time="0.029"/>
  <testcase name="tryingToCreateANewTransactionWithGreaterThanTheMaximumCharCvvItShouldToReturnBadRequest" classname="br.com.projectpagarme.projectpagarme.controllers.TransactionControllerTest" time="0.029"/>
  <system-out><![CDATA[21:54:07.258 [Test worker] DEBUG org.springframework.test.context.junit4.SpringJUnit4ClassRunner - SpringJUnit4ClassRunner constructor called with [class br.com.projectpagarme.projectpagarme.controllers.TransactionControllerTest]
21:54:07.308 [Test worker] DEBUG org.springframework.test.context.BootstrapUtils - Instantiating CacheAwareContextLoaderDelegate from class [org.springframework.test.context.cache.DefaultCacheAwareContextLoaderDelegate]
21:54:07.349 [Test worker] DEBUG org.springframework.test.context.BootstrapUtils - Instantiating BootstrapContext using constructor [public org.springframework.test.context.support.DefaultBootstrapContext(java.lang.Class,org.springframework.test.context.CacheAwareContextLoaderDelegate)]
21:54:07.611 [Test worker] DEBUG org.springframework.test.context.BootstrapUtils - Instantiating TestContextBootstrapper for test class [br.com.projectpagarme.projectpagarme.controllers.TransactionControllerTest] from class [org.springframework.boot.test.autoconfigure.web.servlet.WebMvcTestContextBootstrapper]
21:54:07.676 [Test worker] INFO org.springframework.boot.test.autoconfigure.web.servlet.WebMvcTestContextBootstrapper - Neither @ContextConfiguration nor @ContextHierarchy found for test class [br.com.projectpagarme.projectpagarme.controllers.TransactionControllerTest], using SpringBootContextLoader
21:54:07.704 [Test worker] DEBUG org.springframework.test.context.support.AbstractContextLoader - Did not detect default resource location for test class [br.com.projectpagarme.projectpagarme.controllers.TransactionControllerTest]: class path resource [br/com/projectpagarme/projectpagarme/controllers/TransactionControllerTest-context.xml] does not exist
21:54:07.706 [Test worker] DEBUG org.springframework.test.context.support.AbstractContextLoader - Did not detect default resource location for test class [br.com.projectpagarme.projectpagarme.controllers.TransactionControllerTest]: class path resource [br/com/projectpagarme/projectpagarme/controllers/TransactionControllerTestContext.groovy] does not exist
21:54:07.707 [Test worker] INFO org.springframework.test.context.support.AbstractContextLoader - Could not detect default resource locations for test class [br.com.projectpagarme.projectpagarme.controllers.TransactionControllerTest]: no resource found for suffixes {-context.xml, Context.groovy}.
21:54:07.710 [Test worker] INFO org.springframework.test.context.support.AnnotationConfigContextLoaderUtils - Could not detect default configuration classes for test class [br.com.projectpagarme.projectpagarme.controllers.TransactionControllerTest]: TransactionControllerTest does not declare any static, non-private, non-final, nested classes annotated with @Configuration.
21:54:08.094 [Test worker] DEBUG org.springframework.test.context.support.ActiveProfilesUtils - Could not find an 'annotation declaring class' for annotation type [org.springframework.test.context.ActiveProfiles] and class [br.com.projectpagarme.projectpagarme.controllers.TransactionControllerTest]
21:54:08.458 [Test worker] DEBUG org.springframework.context.annotation.ClassPathScanningCandidateComponentProvider - Identified candidate component class: file [/home/estudos/Documentos/GitHub/gd_projeto-pagarme/build/classes/java/main/br/com/projectpagarme/projectpagarme/ProjectPagarmeApplication.class]
21:54:08.461 [Test worker] INFO org.springframework.boot.test.context.SpringBootTestContextBootstrapper - Found @SpringBootConfiguration br.com.projectpagarme.projectpagarme.ProjectPagarmeApplication for test class br.com.projectpagarme.projectpagarme.controllers.TransactionControllerTest
21:54:08.487 [Test worker] DEBUG org.springframework.boot.test.autoconfigure.web.servlet.WebMvcTestContextBootstrapper - @TestExecutionListeners is not present for class [br.com.projectpagarme.projectpagarme.controllers.TransactionControllerTest]: using defaults.
21:54:08.490 [Test worker] INFO org.springframework.boot.test.autoconfigure.web.servlet.WebMvcTestContextBootstrapper - Loaded default TestExecutionListener class names from location [META-INF/spring.factories]: [org.springframework.boot.test.autoconfigure.restdocs.RestDocsTestExecutionListener, org.springframework.boot.test.autoconfigure.web.client.MockRestServiceServerResetTestExecutionListener, org.springframework.boot.test.autoconfigure.web.servlet.MockMvcPrintOnlyOnFailureTestExecutionListener, org.springframework.boot.test.autoconfigure.web.servlet.WebDriverTestExecutionListener, org.springframework.boot.test.autoconfigure.webservices.client.MockWebServiceServerTestExecutionListener, org.springframework.boot.test.mock.mockito.MockitoTestExecutionListener, org.springframework.boot.test.mock.mockito.ResetMocksTestExecutionListener, org.springframework.test.context.web.ServletTestExecutionListener, org.springframework.test.context.support.DirtiesContextBeforeModesTestExecutionListener, org.springframework.test.context.event.ApplicationEventsTestExecutionListener, org.springframework.test.context.support.DependencyInjectionTestExecutionListener, org.springframework.test.context.support.DirtiesContextTestExecutionListener, org.springframework.test.context.transaction.TransactionalTestExecutionListener, org.springframework.test.context.jdbc.SqlScriptsTestExecutionListener, org.springframework.test.context.event.EventPublishingTestExecutionListener]
21:54:08.610 [Test worker] INFO org.springframework.boot.test.autoconfigure.web.servlet.WebMvcTestContextBootstrapper - Using TestExecutionListeners: [org.springframework.test.context.web.ServletTestExecutionListener@f288c14, org.springframework.test.context.support.DirtiesContextBeforeModesTestExecutionListener@6794ac0b, org.springframework.test.context.event.ApplicationEventsTestExecutionListener@7be71476, org.springframework.boot.test.mock.mockito.MockitoTestExecutionListener@5cb5bb88, org.springframework.boot.test.autoconfigure.SpringBootDependencyInjectionTestExecutionListener@17b6d426, org.springframework.test.context.support.DirtiesContextTestExecutionListener@5580d62f, org.springframework.test.context.transaction.TransactionalTestExecutionListener@16872c4d, org.springframework.test.context.jdbc.SqlScriptsTestExecutionListener@671facee, org.springframework.test.context.event.EventPublishingTestExecutionListener@46a953cf, org.springframework.boot.test.autoconfigure.restdocs.RestDocsTestExecutionListener@154bd49b, org.springframework.boot.test.autoconfigure.web.client.MockRestServiceServerResetTestExecutionListener@3a01773b, org.springframework.boot.test.autoconfigure.web.servlet.MockMvcPrintOnlyOnFailureTestExecutionListener@20e3c449, org.springframework.boot.test.autoconfigure.web.servlet.WebDriverTestExecutionListener@2c58dcb1, org.springframework.boot.test.autoconfigure.webservices.client.MockWebServiceServerTestExecutionListener@67fc2aad, org.springframework.boot.test.mock.mockito.ResetMocksTestExecutionListener@56f521c6]
21:54:08.620 [Test worker] DEBUG org.springframework.test.annotation.ProfileValueUtils - Retrieved @ProfileValueSourceConfiguration [null] for test class [br.com.projectpagarme.projectpagarme.controllers.TransactionControllerTest]
21:54:08.624 [Test worker] DEBUG org.springframework.test.annotation.ProfileValueUtils - Retrieved ProfileValueSource type [class org.springframework.test.annotation.SystemProfileValueSource] for class [br.com.projectpagarme.projectpagarme.controllers.TransactionControllerTest]
21:54:08.633 [Test worker] DEBUG org.springframework.test.annotation.ProfileValueUtils - Retrieved @ProfileValueSourceConfiguration [null] for test class [br.com.projectpagarme.projectpagarme.controllers.TransactionControllerTest]
21:54:08.634 [Test worker] DEBUG org.springframework.test.annotation.ProfileValueUtils - Retrieved ProfileValueSource type [class org.springframework.test.annotation.SystemProfileValueSource] for class [br.com.projectpagarme.projectpagarme.controllers.TransactionControllerTest]
21:54:08.646 [Test worker] DEBUG org.springframework.test.annotation.ProfileValueUtils - Retrieved @ProfileValueSourceConfiguration [null] for test class [br.com.projectpagarme.projectpagarme.controllers.TransactionControllerTest]
21:54:08.647 [Test worker] DEBUG org.springframework.test.annotation.ProfileValueUtils - Retrieved ProfileValueSource type [class org.springframework.test.annotation.SystemProfileValueSource] for class [br.com.projectpagarme.projectpagarme.controllers.TransactionControllerTest]
21:54:08.653 [Test worker] DEBUG org.springframework.test.annotation.ProfileValueUtils - Retrieved @ProfileValueSourceConfiguration [null] for test class [br.com.projectpagarme.projectpagarme.controllers.TransactionControllerTest]
21:54:08.653 [Test worker] DEBUG org.springframework.test.annotation.ProfileValueUtils - Retrieved ProfileValueSource type [class org.springframework.test.annotation.SystemProfileValueSource] for class [br.com.projectpagarme.projectpagarme.controllers.TransactionControllerTest]
21:54:08.656 [Test worker] DEBUG org.springframework.test.annotation.ProfileValueUtils - Retrieved @ProfileValueSourceConfiguration [null] for test class [br.com.projectpagarme.projectpagarme.controllers.TransactionControllerTest]
21:54:08.657 [Test worker] DEBUG org.springframework.test.annotation.ProfileValueUtils - Retrieved ProfileValueSource type [class org.springframework.test.annotation.SystemProfileValueSource] for class [br.com.projectpagarme.projectpagarme.controllers.TransactionControllerTest]
21:54:08.683 [Test worker] DEBUG org.springframework.test.context.support.AbstractDirtiesContextTestExecutionListener - Before test class: context [DefaultTestContext@1290c49 testClass = TransactionControllerTest, testInstance = [null], testMethod = [null], testException = [null], mergedContextConfiguration = [WebMergedContextConfiguration@6a9b9909 testClass = TransactionControllerTest, locations = '{}', classes = '{class br.com.projectpagarme.projectpagarme.ProjectPagarmeApplication}', contextInitializerClasses = '[]', activeProfiles = '{}', propertySourceLocations = '{}', propertySourceProperties = '{spring.autoconfigure.exclude=org.springframework.boot.autoconfigure.security.servlet.SecurityAutoConfiguration, org.springframework.boot.test.autoconfigure.web.servlet.WebMvcTestContextBootstrapper=true}', contextCustomizers = set[org.springframework.boot.test.autoconfigure.OverrideAutoConfigurationContextCustomizerFactory$DisableAutoConfigurationContextCustomizer@5f84abe8, org.springframework.boot.test.autoconfigure.actuate.metrics.MetricsExportContextCustomizerFactory$DisableMetricExportContextCustomizer@53dfacba, org.springframework.boot.test.autoconfigure.filter.TypeExcludeFiltersContextCustomizer@d7c1ff61, org.springframework.boot.test.autoconfigure.properties.PropertyMappingContextCustomizer@49294d39, org.springframework.boot.test.autoconfigure.web.servlet.WebDriverContextCustomizerFactory$Customizer@7a24eb3, [ImportsContextCustomizer@55d9b8f0 key = [org.springframework.boot.autoconfigure.cache.CacheAutoConfiguration, org.springframework.boot.autoconfigure.context.MessageSourceAutoConfiguration, org.springframework.boot.autoconfigure.data.web.SpringDataWebAutoConfiguration, org.springframework.boot.autoconfigure.freemarker.FreeMarkerAutoConfiguration, org.springframework.boot.autoconfigure.groovy.template.GroovyTemplateAutoConfiguration, org.springframework.boot.autoconfigure.gson.GsonAutoConfiguration, org.springframework.boot.autoconfigure.hateoas.HypermediaAutoConfiguration, org.springframework.boot.autoconfigure.http.HttpMessageConvertersAutoConfiguration, org.springframework.boot.autoconfigure.jackson.JacksonAutoConfiguration, org.springframework.boot.autoconfigure.jsonb.JsonbAutoConfiguration, org.springframework.boot.autoconfigure.mustache.MustacheAutoConfiguration, org.springframework.boot.autoconfigure.task.TaskExecutionAutoConfiguration, org.springframework.boot.autoconfigure.thymeleaf.ThymeleafAutoConfiguration, org.springframework.boot.autoconfigure.validation.ValidationAutoConfiguration, org.springframework.boot.autoconfigure.web.servlet.error.ErrorMvcAutoConfiguration, org.springframework.boot.autoconfigure.web.servlet.HttpEncodingAutoConfiguration, org.springframework.boot.autoconfigure.web.servlet.WebMvcAutoConfiguration, org.springframework.boot.test.autoconfigure.web.servlet.MockMvcAutoConfiguration, org.springframework.boot.test.autoconfigure.web.servlet.MockMvcWebClientAutoConfiguration, org.springframework.boot.test.autoconfigure.web.servlet.MockMvcWebDriverAutoConfiguration, org.springframework.boot.autoconfigure.security.oauth2.client.servlet.OAuth2ClientAutoConfiguration, org.springframework.boot.autoconfigure.security.oauth2.resource.servlet.OAuth2ResourceServerAutoConfiguration, org.springframework.boot.autoconfigure.security.servlet.SecurityAutoConfiguration, org.springframework.boot.autoconfigure.security.servlet.SecurityFilterAutoConfiguration, org.springframework.boot.autoconfigure.security.servlet.UserDetailsServiceAutoConfiguration, org.springframework.boot.test.autoconfigure.web.servlet.MockMvcSecurityConfiguration, org.springframework.boot.test.autoconfigure.web.reactive.WebTestClientAutoConfiguration]], org.springframework.boot.test.context.filter.ExcludeFilterContextCustomizer@c81fd12, org.springframework.boot.test.json.DuplicateJsonObjectContextCustomizerFactory$DuplicateJsonObjectContextCustomizer@320494b6, org.springframework.boot.test.mock.mockito.MockitoContextCustomizer@a1256780, org.springframework.boot.test.context.SpringBootTestArgs@1, org.springframework.boot.test.context.SpringBootTestWebEnvironment@0], resourceBasePath = 'src/main/webapp', contextLoader = 'org.springframework.boot.test.context.SpringBootContextLoader', parent = [null]], attributes = map[[empty]]], class annotated with @DirtiesContext [false] with mode [null].
21:54:08.691 [Test worker] DEBUG org.springframework.test.annotation.ProfileValueUtils - Retrieved @ProfileValueSourceConfiguration [null] for test class [br.com.projectpagarme.projectpagarme.controllers.TransactionControllerTest]
21:54:08.692 [Test worker] DEBUG org.springframework.test.annotation.ProfileValueUtils - Retrieved ProfileValueSource type [class org.springframework.test.annotation.SystemProfileValueSource] for class [br.com.projectpagarme.projectpagarme.controllers.TransactionControllerTest]

  .   ____          _            __ _ _
 /\\ / ___'_ __ _ _(_)_ __  __ _ \ \ \ \
( ( )\___ | '_ | '_| | '_ \/ _` | \ \ \ \
 \\/  ___)| |_)| | | | | || (_| |  ) ) ) )
  '  |____| .__|_| |_|_| |_\__, | / / / /
 =========|_|==============|___/=/_/_/_/
 :: Spring Boot ::                (v2.7.5)

2023-01-17 21:54:10.739  INFO 209669 --- [    Test worker] b.c.p.p.c.TransactionControllerTest      : Starting TransactionControllerTest using Java 19.0.1 on estudos with PID 209669 (started by estudos in /home/estudos/Documentos/GitHub/gd_projeto-pagarme)
2023-01-17 21:54:10.745  INFO 209669 --- [    Test worker] b.c.p.p.c.TransactionControllerTest      : No active profile set, falling back to 1 default profile: "default"
2023-01-17 21:54:18.513  INFO 209669 --- [    Test worker] o.s.b.t.m.w.SpringBootMockServletContext : Initializing Spring TestDispatcherServlet ''
2023-01-17 21:54:18.514  INFO 209669 --- [    Test worker] o.s.t.web.servlet.TestDispatcherServlet  : Initializing Servlet ''
2023-01-17 21:54:18.519  INFO 209669 --- [    Test worker] o.s.t.web.servlet.TestDispatcherServlet  : Completed initialization in 5 ms
2023-01-17 21:54:18.642  INFO 209669 --- [    Test worker] b.c.p.p.c.TransactionControllerTest      : Started TransactionControllerTest in 9.721 seconds (JVM running for 14.296)
2023-01-17 21:54:19.663 ERROR 209669 --- [    Test worker] b.c.p.p.e.ApplicationExceptionHandler    : an error occurred in data entry: ErrorResponse(timestamp=1674003259663, status=400, code=Bad Request, message=the request has invalid fields, errors=[ErrorObject(message=The amount of characters is invalid, it must be between 16 and 19, field=cardNumber, parameter=4444-3333-2222-11111)])
2023-01-17 21:54:19.736 ERROR 209669 --- [    Test worker] b.c.p.p.e.ApplicationExceptionHandler    : an error occurred in data entry: ErrorResponse(timestamp=1674003259736, status=400, code=Bad Request, message=the request has invalid fields, errors=[ErrorObject(message=The amount of characters is invalid, it must be between 3 and 55, field=cardOwnerName, parameter=COELHO LISBOACOELHO LISBOACOELHO LISBOACOELHO LISBOACOEL)])
2023-01-17 21:54:19.854 ERROR 209669 --- [    Test worker] b.c.p.p.e.ApplicationExceptionHandler    : an error occurred in data entry: ErrorResponse(timestamp=1674003259854, status=400, code=Bad Request, message=the request has invalid fields, errors=[ErrorObject(message=Attribute cannot be blank, field=transactionDescription, parameter=   )])
2023-01-17 21:54:19.885 ERROR 209669 --- [    Test worker] b.c.p.p.e.ApplicationExceptionHandler    : an error occurred in data entry: ErrorResponse(timestamp=1674003259885, status=400, code=Bad Request, message=the request has invalid fields, errors=[ErrorObject(message=The amount of characters is invalid, it must be between 3 and 50, field=transactionDescription, parameter=SM)])
2023-01-17 21:54:19.918 ERROR 209669 --- [    Test worker] b.c.p.p.e.ApplicationExceptionHandler    : an error occurred in data entry: ErrorResponse(timestamp=1674003259918, status=400, code=Bad Request, message=the request has invalid fields, errors=[ErrorObject(message=The amount of characters is invalid, the minimum is 3, field=cvv, parameter=33)])
2023-01-17 21:54:20.105 ERROR 209669 --- [    Test worker] b.c.p.p.e.ApplicationExceptionHandler    : an error occurred in data entry: ErrorResponse(timestamp=1674003260105, status=400, code=Bad Request, message=the request has invalid fields, errors=[ErrorObject(message=must be less than 99999.99, field=transactionValue, parameter=100000)])
2023-01-17 21:54:20.143 ERROR 209669 --- [    Test worker] b.c.p.p.e.ApplicationExceptionHandler    : an error occurred in data entry: ErrorResponse(timestamp=1674003260143, status=400, code=Bad Request, message=the request has invalid fields, errors=[ErrorObject(message=Attribute cannot be null, field=typePayment, parameter=null)])
2023-01-17 21:54:20.175 ERROR 209669 --- [    Test worker] b.c.p.p.e.ApplicationExceptionHandler    : an error occurred in data entry: ErrorResponse(timestamp=1674003260174, status=400, code=Bad Request, message=the request has invalid fields, errors=[ErrorObject(message=The amount of characters is invalid, it must be between 3 and 55, field=cardOwnerName, parameter=CO)])
2023-01-17 21:54:20.204 ERROR 209669 --- [    Test worker] b.c.p.p.e.ApplicationExceptionHandler    : an error occurred in data entry: ErrorResponse(timestamp=1674003260204, status=400, code=Bad Request, message=the request has invalid fields, errors=[ErrorObject(message=The amount of characters is invalid, it must be between 16 and 19, field=cardNumber, parameter=  ), ErrorObject(message=Attribute cannot be blank, field=cardNumber, parameter=  )])
2023-01-17 21:54:20.243 ERROR 209669 --- [    Test worker] b.c.p.p.e.ApplicationExceptionHandler    : an error occurred in data entry: ErrorResponse(timestamp=1674003260243, status=400, code=Bad Request, message=the request has invalid fields, errors=[ErrorObject(message=must be greater than 1, field=transactionValue, parameter=0.9899999999999999911182158029987476766109466552734375)])
2023-01-17 21:54:20.311 ERROR 209669 --- [    Test worker] b.c.p.p.e.ApplicationExceptionHandler    : an error occurred in data entry: ErrorResponse(timestamp=1674003260311, status=400, code=Bad Request, message=the request has invalid fields, errors=[ErrorObject(message=The amount of characters is invalid, it must be between 16 and 19, field=cardNumber, parameter=444433332222111)])
2023-01-17 21:54:20.351 ERROR 209669 --- [    Test worker] b.c.p.p.e.ApplicationExceptionHandler    : an error occurred in data entry: ErrorResponse(timestamp=1674003260351, status=400, code=Bad Request, message=the request has invalid fields, errors=[ErrorObject(message=Attribute cannot be blank, field=cardOwnerName, parameter=   )])
2023-01-17 21:54:20.386 ERROR 209669 --- [    Test worker] b.c.p.p.e.ApplicationExceptionHandler    : an error occurred in data entry: ErrorResponse(timestamp=1674003260386, status=400, code=Bad Request, message=the request has invalid fields, errors=[ErrorObject(message=Attribute cannot be blank, field=cvv, parameter=  ), ErrorObject(message=The amount of characters is invalid, the minimum is 3, field=cvv, parameter=  )])
2023-01-17 21:54:20.419 ERROR 209669 --- [    Test worker] b.c.p.p.e.ApplicationExceptionHandler    : an error occurred in data entry: ErrorResponse(timestamp=1674003260419, status=400, code=Bad Request, message=the request has invalid fields, errors=[ErrorObject(message=The amount of characters is invalid, it must be between 3 and 50, field=transactionDescription, parameter=SMARTPHONESMARTPHONESMARTPHONESMARTPHONESMARTPHONES)])
2023-01-17 21:54:20.453 ERROR 209669 --- [    Test worker] b.c.p.p.e.ApplicationExceptionHandler    : an error occurred in data entry: ErrorResponse(timestamp=1674003260453, status=400, code=Bad Request, message=the request has invalid fields, errors=[ErrorObject(message=The amount of characters is invalid, the maximum is 3, field=cvv, parameter=3333)])
]]></system-out>
  <system-err><![CDATA[]]></system-err>
</testsuite>
