<?xml version="1.0" encoding="UTF-8"?>
<testsuite name="br.com.projectpagarme.controllers.TransactionControllerTest" tests="19" skipped="0" failures="0" errors="0" timestamp="2023-01-18T03:36:06" hostname="estudos" time="2.281">
  <properties/>
  <testcase name="tryingToGetTheTransactionsListItShouldToReturnOk" classname="br.com.projectpagarme.controllers.TransactionControllerTest" time="0.561"/>
  <testcase name="tryingToCreateANewTransactionWithGreaterThanTheMaximumCharCardNumberItShouldToReturnBadRequest" classname="br.com.projectpagarme.controllers.TransactionControllerTest" time="0.912"/>
  <testcase name="tryingToCreateANewTransactionWithGreaterThanTheMaximumCharCardOwnerItShouldToReturnBadRequest" classname="br.com.projectpagarme.controllers.TransactionControllerTest" time="0.039"/>
  <testcase name="tryingToGetTheBalanceStatusFromTransactionsItShouldToReturnOk" classname="br.com.projectpagarme.controllers.TransactionControllerTest" time="0.028"/>
  <testcase name="tryingToCreateANewTransactionWithDebitCardItShouldToReturnOk" classname="br.com.projectpagarme.controllers.TransactionControllerTest" time="0.05"/>
  <testcase name="tryingToCreateANewTransactionWithTransactionDescriptionFieldBlankItShouldToReturnBadRequest" classname="br.com.projectpagarme.controllers.TransactionControllerTest" time="0.038"/>
  <testcase name="tryingToCreateANewTransactionWithLessThanTheMinimumCharInTransactionDescriptionItShouldToReturnBadRequest" classname="br.com.projectpagarme.controllers.TransactionControllerTest" time="0.027"/>
  <testcase name="tryingToCreateANewTransactionWithLessThanTheMinimumCharInCvvItShouldToReturnBadRequest" classname="br.com.projectpagarme.controllers.TransactionControllerTest" time="0.036"/>
  <testcase name="tryingToCreateANewTransactionWithGreaterThanTheMaximumCharInValueItShouldToReturnBadRequest" classname="br.com.projectpagarme.controllers.TransactionControllerTest" time="0.237"/>
  <testcase name="tryingToCreateANewTransactionWithTypePaymentFieldBlankItShouldToReturnBadRequest" classname="br.com.projectpagarme.controllers.TransactionControllerTest" time="0.035"/>
  <testcase name="tryingToCreateANewTransactionWithLessThanTheMinimumCharInCardOwnerItShouldToReturnBadRequest" classname="br.com.projectpagarme.controllers.TransactionControllerTest" time="0.037"/>
  <testcase name="tryingToCreateANewTransactionWithCardNumberFieldBlankItShouldToReturnBadRequest" classname="br.com.projectpagarme.controllers.TransactionControllerTest" time="0.033"/>
  <testcase name="tryingToCreateANewTransactionWithLessThanTheMinimumCharInValueItShouldToReturnBadRequest" classname="br.com.projectpagarme.controllers.TransactionControllerTest" time="0.031"/>
  <testcase name="tryingToCreateANewTransactionWithCreditCardItShouldToReturnOk" classname="br.com.projectpagarme.controllers.TransactionControllerTest" time="0.021"/>
  <testcase name="tryingToCreateANewTransactionWithLessThanTheMinimumCharInCardNumberItShouldToReturnBadRequest" classname="br.com.projectpagarme.controllers.TransactionControllerTest" time="0.024"/>
  <testcase name="tryingToCreateANewTransactionWithCardOwnerFieldBlankItShouldToReturnBadRequest" classname="br.com.projectpagarme.controllers.TransactionControllerTest" time="0.022"/>
  <testcase name="tryingToCreateANewTransactionWithCvvFieldBlankItShouldToReturnBadRequest" classname="br.com.projectpagarme.controllers.TransactionControllerTest" time="0.029"/>
  <testcase name="tryingToCreateANewTransactionWithGreaterThanTheMaximumCharTransactionDescriptionItShouldToReturnBadRequest" classname="br.com.projectpagarme.controllers.TransactionControllerTest" time="0.025"/>
  <testcase name="tryingToCreateANewTransactionWithGreaterThanTheMaximumCharCvvItShouldToReturnBadRequest" classname="br.com.projectpagarme.controllers.TransactionControllerTest" time="0.027"/>
  <system-out><![CDATA[00:35:47.960 [Test worker] DEBUG org.springframework.test.context.junit4.SpringJUnit4ClassRunner - SpringJUnit4ClassRunner constructor called with [class br.com.projectpagarme.controllers.TransactionControllerTest]
00:35:48.049 [Test worker] DEBUG org.springframework.test.context.BootstrapUtils - Instantiating CacheAwareContextLoaderDelegate from class [org.springframework.test.context.cache.DefaultCacheAwareContextLoaderDelegate]
00:35:48.105 [Test worker] DEBUG org.springframework.test.context.BootstrapUtils - Instantiating BootstrapContext using constructor [public org.springframework.test.context.support.DefaultBootstrapContext(java.lang.Class,org.springframework.test.context.CacheAwareContextLoaderDelegate)]
00:35:48.694 [Test worker] DEBUG org.springframework.test.context.BootstrapUtils - Instantiating TestContextBootstrapper for test class [br.com.projectpagarme.controllers.TransactionControllerTest] from class [org.springframework.boot.test.autoconfigure.web.servlet.WebMvcTestContextBootstrapper]
00:35:48.875 [Test worker] INFO org.springframework.boot.test.autoconfigure.web.servlet.WebMvcTestContextBootstrapper - Neither @ContextConfiguration nor @ContextHierarchy found for test class [br.com.projectpagarme.controllers.TransactionControllerTest], using SpringBootContextLoader
00:35:48.942 [Test worker] DEBUG org.springframework.test.context.support.AbstractContextLoader - Did not detect default resource location for test class [br.com.projectpagarme.controllers.TransactionControllerTest]: class path resource [br/com/projectpagarme/controllers/TransactionControllerTest-context.xml] does not exist
00:35:48.955 [Test worker] DEBUG org.springframework.test.context.support.AbstractContextLoader - Did not detect default resource location for test class [br.com.projectpagarme.controllers.TransactionControllerTest]: class path resource [br/com/projectpagarme/controllers/TransactionControllerTestContext.groovy] does not exist
00:35:48.959 [Test worker] INFO org.springframework.test.context.support.AbstractContextLoader - Could not detect default resource locations for test class [br.com.projectpagarme.controllers.TransactionControllerTest]: no resource found for suffixes {-context.xml, Context.groovy}.
00:35:48.966 [Test worker] INFO org.springframework.test.context.support.AnnotationConfigContextLoaderUtils - Could not detect default configuration classes for test class [br.com.projectpagarme.controllers.TransactionControllerTest]: TransactionControllerTest does not declare any static, non-private, non-final, nested classes annotated with @Configuration.
00:35:49.963 [Test worker] DEBUG org.springframework.test.context.support.ActiveProfilesUtils - Could not find an 'annotation declaring class' for annotation type [org.springframework.test.context.ActiveProfiles] and class [br.com.projectpagarme.controllers.TransactionControllerTest]
00:35:50.601 [Test worker] DEBUG org.springframework.context.annotation.ClassPathScanningCandidateComponentProvider - Identified candidate component class: file [/home/estudos/Documentos/GitHub/gd_projeto-pagarme/build/classes/java/main/br/com/projectpagarme/ProjectPagarmeApplication.class]
00:35:50.606 [Test worker] INFO org.springframework.boot.test.context.SpringBootTestContextBootstrapper - Found @SpringBootConfiguration br.com.projectpagarme.ProjectPagarmeApplication for test class br.com.projectpagarme.controllers.TransactionControllerTest
00:35:50.627 [Test worker] DEBUG org.springframework.boot.test.autoconfigure.web.servlet.WebMvcTestContextBootstrapper - @TestExecutionListeners is not present for class [br.com.projectpagarme.controllers.TransactionControllerTest]: using defaults.
00:35:50.630 [Test worker] INFO org.springframework.boot.test.autoconfigure.web.servlet.WebMvcTestContextBootstrapper - Loaded default TestExecutionListener class names from location [META-INF/spring.factories]: [org.springframework.boot.test.autoconfigure.restdocs.RestDocsTestExecutionListener, org.springframework.boot.test.autoconfigure.web.client.MockRestServiceServerResetTestExecutionListener, org.springframework.boot.test.autoconfigure.web.servlet.MockMvcPrintOnlyOnFailureTestExecutionListener, org.springframework.boot.test.autoconfigure.web.servlet.WebDriverTestExecutionListener, org.springframework.boot.test.autoconfigure.webservices.client.MockWebServiceServerTestExecutionListener, org.springframework.boot.test.mock.mockito.MockitoTestExecutionListener, org.springframework.boot.test.mock.mockito.ResetMocksTestExecutionListener, org.springframework.test.context.web.ServletTestExecutionListener, org.springframework.test.context.support.DirtiesContextBeforeModesTestExecutionListener, org.springframework.test.context.event.ApplicationEventsTestExecutionListener, org.springframework.test.context.support.DependencyInjectionTestExecutionListener, org.springframework.test.context.support.DirtiesContextTestExecutionListener, org.springframework.test.context.transaction.TransactionalTestExecutionListener, org.springframework.test.context.jdbc.SqlScriptsTestExecutionListener, org.springframework.test.context.event.EventPublishingTestExecutionListener]
00:35:50.791 [Test worker] INFO org.springframework.boot.test.autoconfigure.web.servlet.WebMvcTestContextBootstrapper - Using TestExecutionListeners: [org.springframework.test.context.web.ServletTestExecutionListener@f288c14, org.springframework.test.context.support.DirtiesContextBeforeModesTestExecutionListener@6794ac0b, org.springframework.test.context.event.ApplicationEventsTestExecutionListener@7be71476, org.springframework.boot.test.mock.mockito.MockitoTestExecutionListener@5cb5bb88, org.springframework.boot.test.autoconfigure.SpringBootDependencyInjectionTestExecutionListener@17b6d426, org.springframework.test.context.support.DirtiesContextTestExecutionListener@5580d62f, org.springframework.test.context.transaction.TransactionalTestExecutionListener@16872c4d, org.springframework.test.context.jdbc.SqlScriptsTestExecutionListener@671facee, org.springframework.test.context.event.EventPublishingTestExecutionListener@46a953cf, org.springframework.boot.test.autoconfigure.restdocs.RestDocsTestExecutionListener@154bd49b, org.springframework.boot.test.autoconfigure.web.client.MockRestServiceServerResetTestExecutionListener@3a01773b, org.springframework.boot.test.autoconfigure.web.servlet.MockMvcPrintOnlyOnFailureTestExecutionListener@20e3c449, org.springframework.boot.test.autoconfigure.web.servlet.WebDriverTestExecutionListener@2c58dcb1, org.springframework.boot.test.autoconfigure.webservices.client.MockWebServiceServerTestExecutionListener@67fc2aad, org.springframework.boot.test.mock.mockito.ResetMocksTestExecutionListener@56f521c6]
00:35:50.802 [Test worker] DEBUG org.springframework.test.annotation.ProfileValueUtils - Retrieved @ProfileValueSourceConfiguration [null] for test class [br.com.projectpagarme.controllers.TransactionControllerTest]
00:35:50.806 [Test worker] DEBUG org.springframework.test.annotation.ProfileValueUtils - Retrieved ProfileValueSource type [class org.springframework.test.annotation.SystemProfileValueSource] for class [br.com.projectpagarme.controllers.TransactionControllerTest]
00:35:50.818 [Test worker] DEBUG org.springframework.test.annotation.ProfileValueUtils - Retrieved @ProfileValueSourceConfiguration [null] for test class [br.com.projectpagarme.controllers.TransactionControllerTest]
00:35:50.819 [Test worker] DEBUG org.springframework.test.annotation.ProfileValueUtils - Retrieved ProfileValueSource type [class org.springframework.test.annotation.SystemProfileValueSource] for class [br.com.projectpagarme.controllers.TransactionControllerTest]
00:35:50.833 [Test worker] DEBUG org.springframework.test.annotation.ProfileValueUtils - Retrieved @ProfileValueSourceConfiguration [null] for test class [br.com.projectpagarme.controllers.TransactionControllerTest]
00:35:50.843 [Test worker] DEBUG org.springframework.test.annotation.ProfileValueUtils - Retrieved ProfileValueSource type [class org.springframework.test.annotation.SystemProfileValueSource] for class [br.com.projectpagarme.controllers.TransactionControllerTest]
00:35:50.856 [Test worker] DEBUG org.springframework.test.annotation.ProfileValueUtils - Retrieved @ProfileValueSourceConfiguration [null] for test class [br.com.projectpagarme.controllers.TransactionControllerTest]
00:35:50.857 [Test worker] DEBUG org.springframework.test.annotation.ProfileValueUtils - Retrieved ProfileValueSource type [class org.springframework.test.annotation.SystemProfileValueSource] for class [br.com.projectpagarme.controllers.TransactionControllerTest]
00:35:50.937 [Test worker] DEBUG org.springframework.test.context.support.AbstractDirtiesContextTestExecutionListener - Before test class: context [DefaultTestContext@199bc830 testClass = TransactionControllerTest, testInstance = [null], testMethod = [null], testException = [null], mergedContextConfiguration = [WebMergedContextConfiguration@4b3fe06e testClass = TransactionControllerTest, locations = '{}', classes = '{class br.com.projectpagarme.ProjectPagarmeApplication}', contextInitializerClasses = '[]', activeProfiles = '{}', propertySourceLocations = '{}', propertySourceProperties = '{spring.autoconfigure.exclude=org.springframework.boot.autoconfigure.security.servlet.SecurityAutoConfiguration, org.springframework.boot.test.autoconfigure.web.servlet.WebMvcTestContextBootstrapper=true}', contextCustomizers = set[org.springframework.boot.test.autoconfigure.OverrideAutoConfigurationContextCustomizerFactory$DisableAutoConfigurationContextCustomizer@5f84abe8, org.springframework.boot.test.autoconfigure.actuate.metrics.MetricsExportContextCustomizerFactory$DisableMetricExportContextCustomizer@53dfacba, org.springframework.boot.test.autoconfigure.filter.TypeExcludeFiltersContextCustomizer@d7c1ff61, org.springframework.boot.test.autoconfigure.properties.PropertyMappingContextCustomizer@49294d39, org.springframework.boot.test.autoconfigure.web.servlet.WebDriverContextCustomizerFactory$Customizer@7a24eb3, [ImportsContextCustomizer@27b45ea key = [org.springframework.boot.autoconfigure.cache.CacheAutoConfiguration, org.springframework.boot.autoconfigure.context.MessageSourceAutoConfiguration, org.springframework.boot.autoconfigure.data.web.SpringDataWebAutoConfiguration, org.springframework.boot.autoconfigure.freemarker.FreeMarkerAutoConfiguration, org.springframework.boot.autoconfigure.groovy.template.GroovyTemplateAutoConfiguration, org.springframework.boot.autoconfigure.gson.GsonAutoConfiguration, org.springframework.boot.autoconfigure.hateoas.HypermediaAutoConfiguration, org.springframework.boot.autoconfigure.http.HttpMessageConvertersAutoConfiguration, org.springframework.boot.autoconfigure.jackson.JacksonAutoConfiguration, org.springframework.boot.autoconfigure.jsonb.JsonbAutoConfiguration, org.springframework.boot.autoconfigure.mustache.MustacheAutoConfiguration, org.springframework.boot.autoconfigure.task.TaskExecutionAutoConfiguration, org.springframework.boot.autoconfigure.thymeleaf.ThymeleafAutoConfiguration, org.springframework.boot.autoconfigure.validation.ValidationAutoConfiguration, org.springframework.boot.autoconfigure.web.servlet.error.ErrorMvcAutoConfiguration, org.springframework.boot.autoconfigure.web.servlet.HttpEncodingAutoConfiguration, org.springframework.boot.autoconfigure.web.servlet.WebMvcAutoConfiguration, org.springframework.boot.test.autoconfigure.web.servlet.MockMvcAutoConfiguration, org.springframework.boot.test.autoconfigure.web.servlet.MockMvcWebClientAutoConfiguration, org.springframework.boot.test.autoconfigure.web.servlet.MockMvcWebDriverAutoConfiguration, org.springframework.boot.autoconfigure.security.oauth2.client.servlet.OAuth2ClientAutoConfiguration, org.springframework.boot.autoconfigure.security.oauth2.resource.servlet.OAuth2ResourceServerAutoConfiguration, org.springframework.boot.autoconfigure.security.servlet.SecurityAutoConfiguration, org.springframework.boot.autoconfigure.security.servlet.SecurityFilterAutoConfiguration, org.springframework.boot.autoconfigure.security.servlet.UserDetailsServiceAutoConfiguration, org.springframework.boot.test.autoconfigure.web.servlet.MockMvcSecurityConfiguration, org.springframework.boot.test.autoconfigure.web.reactive.WebTestClientAutoConfiguration]], org.springframework.boot.test.context.filter.ExcludeFilterContextCustomizer@c81fd12, org.springframework.boot.test.json.DuplicateJsonObjectContextCustomizerFactory$DuplicateJsonObjectContextCustomizer@320494b6, org.springframework.boot.test.mock.mockito.MockitoContextCustomizer@a1256780, org.springframework.boot.test.context.SpringBootTestArgs@1, org.springframework.boot.test.context.SpringBootTestWebEnvironment@0], resourceBasePath = 'src/main/webapp', contextLoader = 'org.springframework.boot.test.context.SpringBootContextLoader', parent = [null]], attributes = map[[empty]]], class annotated with @DirtiesContext [false] with mode [null].
00:35:50.950 [Test worker] DEBUG org.springframework.test.annotation.ProfileValueUtils - Retrieved @ProfileValueSourceConfiguration [null] for test class [br.com.projectpagarme.controllers.TransactionControllerTest]
00:35:50.968 [Test worker] DEBUG org.springframework.test.annotation.ProfileValueUtils - Retrieved ProfileValueSource type [class org.springframework.test.annotation.SystemProfileValueSource] for class [br.com.projectpagarme.controllers.TransactionControllerTest]

  .   ____          _            __ _ _
 /\\ / ___'_ __ _ _(_)_ __  __ _ \ \ \ \
( ( )\___ | '_ | '_| | '_ \/ _` | \ \ \ \
 \\/  ___)| |_)| | | | | || (_| |  ) ) ) )
  '  |____| .__|_| |_|_| |_\__, | / / / /
 =========|_|==============|___/=/_/_/_/
 :: Spring Boot ::                (v2.7.5)

2023-01-18 00:35:54.406  INFO 231243 --- [    Test worker] b.c.p.c.TransactionControllerTest        : Starting TransactionControllerTest using Java 19.0.1 on estudos with PID 231243 (started by estudos in /home/estudos/Documentos/GitHub/gd_projeto-pagarme)
2023-01-18 00:35:54.436  INFO 231243 --- [    Test worker] b.c.p.c.TransactionControllerTest        : No active profile set, falling back to 1 default profile: "default"
2023-01-18 00:36:06.210  INFO 231243 --- [    Test worker] o.s.b.t.m.w.SpringBootMockServletContext : Initializing Spring TestDispatcherServlet ''
2023-01-18 00:36:06.211  INFO 231243 --- [    Test worker] o.s.t.web.servlet.TestDispatcherServlet  : Initializing Servlet ''
2023-01-18 00:36:06.218  INFO 231243 --- [    Test worker] o.s.t.web.servlet.TestDispatcherServlet  : Completed initialization in 5 ms
2023-01-18 00:36:06.439  INFO 231243 --- [    Test worker] b.c.p.c.TransactionControllerTest        : Started TransactionControllerTest in 15.055 seconds (JVM running for 23.161)
2023-01-18 00:36:07.928 ERROR 231243 --- [    Test worker] b.c.p.e.ApplicationExceptionHandler      : an error occurred in data entry: ErrorResponse(timestamp=1674012967928, status=400, code=Bad Request, message=the request has invalid fields, errors=[ErrorObject(message=The amount of characters is invalid, it must be between 16 and 19, field=cardNumber, parameter=4444-3333-2222-11111)])
2023-01-18 00:36:08.031 ERROR 231243 --- [    Test worker] b.c.p.e.ApplicationExceptionHandler      : an error occurred in data entry: ErrorResponse(timestamp=1674012968031, status=400, code=Bad Request, message=the request has invalid fields, errors=[ErrorObject(message=The amount of characters is invalid, it must be between 3 and 55, field=cardOwnerName, parameter=COELHO LISBOACOELHO LISBOACOELHO LISBOACOELHO LISBOACOEL)])
2023-01-18 00:36:08.155 ERROR 231243 --- [    Test worker] b.c.p.e.ApplicationExceptionHandler      : an error occurred in data entry: ErrorResponse(timestamp=1674012968155, status=400, code=Bad Request, message=the request has invalid fields, errors=[ErrorObject(message=Attribute cannot be blank, field=transactionDescription, parameter=   )])
2023-01-18 00:36:08.188 ERROR 231243 --- [    Test worker] b.c.p.e.ApplicationExceptionHandler      : an error occurred in data entry: ErrorResponse(timestamp=1674012968188, status=400, code=Bad Request, message=the request has invalid fields, errors=[ErrorObject(message=The amount of characters is invalid, it must be between 3 and 50, field=transactionDescription, parameter=SM)])
2023-01-18 00:36:08.228 ERROR 231243 --- [    Test worker] b.c.p.e.ApplicationExceptionHandler      : an error occurred in data entry: ErrorResponse(timestamp=1674012968228, status=400, code=Bad Request, message=the request has invalid fields, errors=[ErrorObject(message=The amount of characters is invalid, the minimum is 3, field=cvv, parameter=33)])
2023-01-18 00:36:08.451 ERROR 231243 --- [    Test worker] b.c.p.e.ApplicationExceptionHandler      : an error occurred in data entry: ErrorResponse(timestamp=1674012968451, status=400, code=Bad Request, message=the request has invalid fields, errors=[ErrorObject(message=must be less than 99999.99, field=transactionValue, parameter=100000)])
2023-01-18 00:36:08.510 ERROR 231243 --- [    Test worker] b.c.p.e.ApplicationExceptionHandler      : an error occurred in data entry: ErrorResponse(timestamp=1674012968510, status=400, code=Bad Request, message=the request has invalid fields, errors=[ErrorObject(message=Attribute cannot be null, field=typePayment, parameter=null)])
2023-01-18 00:36:08.549 ERROR 231243 --- [    Test worker] b.c.p.e.ApplicationExceptionHandler      : an error occurred in data entry: ErrorResponse(timestamp=1674012968549, status=400, code=Bad Request, message=the request has invalid fields, errors=[ErrorObject(message=The amount of characters is invalid, it must be between 3 and 55, field=cardOwnerName, parameter=CO)])
2023-01-18 00:36:08.587 ERROR 231243 --- [    Test worker] b.c.p.e.ApplicationExceptionHandler      : an error occurred in data entry: ErrorResponse(timestamp=1674012968587, status=400, code=Bad Request, message=the request has invalid fields, errors=[ErrorObject(message=The amount of characters is invalid, it must be between 16 and 19, field=cardNumber, parameter=  ), ErrorObject(message=Attribute cannot be blank, field=cardNumber, parameter=  )])
2023-01-18 00:36:08.624 ERROR 231243 --- [    Test worker] b.c.p.e.ApplicationExceptionHandler      : an error occurred in data entry: ErrorResponse(timestamp=1674012968624, status=400, code=Bad Request, message=the request has invalid fields, errors=[ErrorObject(message=must be greater than 1, field=transactionValue, parameter=0.9899999999999999911182158029987476766109466552734375)])
2023-01-18 00:36:08.676 ERROR 231243 --- [    Test worker] b.c.p.e.ApplicationExceptionHandler      : an error occurred in data entry: ErrorResponse(timestamp=1674012968676, status=400, code=Bad Request, message=the request has invalid fields, errors=[ErrorObject(message=The amount of characters is invalid, it must be between 16 and 19, field=cardNumber, parameter=444433332222111)])
2023-01-18 00:36:08.700 ERROR 231243 --- [    Test worker] b.c.p.e.ApplicationExceptionHandler      : an error occurred in data entry: ErrorResponse(timestamp=1674012968700, status=400, code=Bad Request, message=the request has invalid fields, errors=[ErrorObject(message=Attribute cannot be blank, field=cardOwnerName, parameter=   )])
2023-01-18 00:36:08.727 ERROR 231243 --- [    Test worker] b.c.p.e.ApplicationExceptionHandler      : an error occurred in data entry: ErrorResponse(timestamp=1674012968727, status=400, code=Bad Request, message=the request has invalid fields, errors=[ErrorObject(message=Attribute cannot be blank, field=cvv, parameter=  ), ErrorObject(message=The amount of characters is invalid, the minimum is 3, field=cvv, parameter=  )])
2023-01-18 00:36:08.759 ERROR 231243 --- [    Test worker] b.c.p.e.ApplicationExceptionHandler      : an error occurred in data entry: ErrorResponse(timestamp=1674012968759, status=400, code=Bad Request, message=the request has invalid fields, errors=[ErrorObject(message=The amount of characters is invalid, it must be between 3 and 50, field=transactionDescription, parameter=SMARTPHONESMARTPHONESMARTPHONESMARTPHONESMARTPHONES)])
2023-01-18 00:36:08.788 ERROR 231243 --- [    Test worker] b.c.p.e.ApplicationExceptionHandler      : an error occurred in data entry: ErrorResponse(timestamp=1674012968788, status=400, code=Bad Request, message=the request has invalid fields, errors=[ErrorObject(message=The amount of characters is invalid, the maximum is 3, field=cvv, parameter=3333)])
]]></system-out>
  <system-err><![CDATA[]]></system-err>
</testsuite>
