<?xml version="1.0" encoding="UTF-8"?>
<testsuite name="br.com.projectpagarme.services.impl.PaymentServiceImplTest" tests="2" skipped="0" failures="0" errors="0" timestamp="2023-01-18T03:36:09" hostname="estudos" time="0.188">
  <properties/>
  <testcase name="createANewPaymentInCreditWithSuccessfullyItShouldReturnOk" classname="br.com.projectpagarme.services.impl.PaymentServiceImplTest" time="0.18"/>
  <testcase name="createANewPaymentWithSuccessfullyItShouldReturnOk" classname="br.com.projectpagarme.services.impl.PaymentServiceImplTest" time="0.008"/>
  <system-out><![CDATA[2023-01-18 00:36:09.400  INFO 231243 --- [    Test worker] b.c.p.services.impl.PaymentServiceImpl   : creating a new payable CREDIT_CARD
2023-01-18 00:36:09.408  INFO 231243 --- [    Test worker] b.c.p.services.impl.PaymentServiceImpl   : creating a new payable DEBIT_CARD
]]></system-out>
  <system-err><![CDATA[]]></system-err>
</testsuite>
