<?xml version="1.0" encoding="UTF-8"?>
<testsuite name="br.com.projectpagarme.services.impl.TransactionServiceImplTest" tests="3" skipped="0" failures="0" errors="0" timestamp="2023-01-18T03:36:09" hostname="estudos" time="0.16">
  <properties/>
  <testcase name="createANewTransactionWithCreditCardSuccessfullyItShouldReturnOk" classname="br.com.projectpagarme.services.impl.TransactionServiceImplTest" time="0.138"/>
  <testcase name="createANewTransactionWithSuccessfullyItShouldReturnOk" classname="br.com.projectpagarme.services.impl.TransactionServiceImplTest" time="0.011"/>
  <testcase name="getAllTransactionsItShouldReturnOk" classname="br.com.projectpagarme.services.impl.TransactionServiceImplTest" time="0.01"/>
  <system-out><![CDATA[2023-01-18 00:36:09.546  INFO 231243 --- [    Test worker] b.c.p.s.impl.TransactionServiceImpl      : getting all transactions
2023-01-18 00:36:09.548  INFO 231243 --- [    Test worker] b.c.p.s.impl.TransactionServiceImpl      : creating a new transaction
2023-01-18 00:36:09.550  INFO 231243 --- [    Test worker] b.c.p.s.impl.TransactionServiceImpl      : creating a new transaction
2023-01-18 00:36:09.552  INFO 231243 --- [    Test worker] b.c.p.s.impl.TransactionServiceImpl      : creating a new transaction
2023-01-18 00:36:09.558  INFO 231243 --- [    Test worker] b.c.p.s.impl.TransactionServiceImpl      : getting all transactions
2023-01-18 00:36:09.560  INFO 231243 --- [    Test worker] b.c.p.s.impl.TransactionServiceImpl      : creating a new transaction
2023-01-18 00:36:09.562  INFO 231243 --- [    Test worker] b.c.p.s.impl.TransactionServiceImpl      : creating a new transaction
2023-01-18 00:36:09.564  INFO 231243 --- [    Test worker] b.c.p.s.impl.TransactionServiceImpl      : creating a new transaction
2023-01-18 00:36:09.569  INFO 231243 --- [    Test worker] b.c.p.s.impl.TransactionServiceImpl      : getting all transactions
2023-01-18 00:36:09.571  INFO 231243 --- [    Test worker] b.c.p.s.impl.TransactionServiceImpl      : creating a new transaction
2023-01-18 00:36:09.573  INFO 231243 --- [    Test worker] b.c.p.s.impl.TransactionServiceImpl      : creating a new transaction
2023-01-18 00:36:09.575  INFO 231243 --- [    Test worker] b.c.p.s.impl.TransactionServiceImpl      : getting all transactions
]]></system-out>
  <system-err><![CDATA[]]></system-err>
</testsuite>
