<?xml version="1.0" encoding="UTF-8"?>
<testsuite name="br.com.projectpagarme.facades.Impl.TransactionFacadeImplTest" tests="4" skipped="0" failures="0" errors="0" timestamp="2023-01-18T03:36:08" hostname="estudos" time="0.352">
  <properties/>
  <testcase name="createANewTransactionWithCreditCardSuccessfullyItShouldReturnOk" classname="br.com.projectpagarme.facades.Impl.TransactionFacadeImplTest" time="0.309"/>
  <testcase name="createANewTransactionWithSuccessfullyItShouldReturnOk" classname="br.com.projectpagarme.facades.Impl.TransactionFacadeImplTest" time="0.014"/>
  <testcase name="getBalanceShouldReturnOk" classname="br.com.projectpagarme.facades.Impl.TransactionFacadeImplTest" time="0.013"/>
  <testcase name="getAllTransactionsItShouldReturnOk" classname="br.com.projectpagarme.facades.Impl.TransactionFacadeImplTest" time="0.014"/>
  <system-out><![CDATA[]]></system-out>
  <system-err><![CDATA[]]></system-err>
</testsuite>
